 ⚠ Webpack is configured while Turbopack is not, which may cause problems.
 ⚠ See instructions if you need to configure Turbopack:
  https://nextjs.org/docs/app/api-reference/next-config-js/turbopack

Failed to load pair profitability: ReferenceError: localStorage is not defined
    at PairProfitability.load (lib\pair-profitability.ts:66:20)
    at new PairProfitability (lib\pair-profitability.ts:16:10)
    at __TURBOPACK__module__evaluation__ (lib\pair-profitability.ts:76:34)
    at __TURBOPACK__module__evaluation__ (lib\corretor.ts:2:1)
    at __TURBOPACK__module__evaluation__ (lib\escriturario.ts:3:1)
    at __TURBOPACK__module__evaluation__ (app\components\PregãoDashboard.tsx:7:1)
    at __TURBOPACK__module__evaluation__ (app\page.tsx:5:1)
  64 |   private load() {
  65 |     try {
> 66 |       const data = localStorage.getItem(this.STORAGE_KEY)
     |                    ^
  67 |       if (data) {
  68 |         this.ranking = new Map(Object.entries(JSON.parse(data)))
  69 |       }
@lifi/sdk: new package version is available. Please update as soon as possible to enjoy the newest features. Current version: 4.0.0. Latest version: 4.0.1.
Failed to load pair profitability: ReferenceError: localStorage is not defined
    at PairProfitability.load (lib\pair-profitability.ts:66:20)
    at new PairProfitability (lib\pair-profitability.ts:16:10)
    at __TURBOPACK__module__evaluation__ (lib\pair-profitability.ts:76:34)
    at __TURBOPACK__module__evaluation__ (lib\corretor.ts:2:1)
    at __TURBOPACK__module__evaluation__ (lib\escriturario.ts:3:1)
    at __TURBOPACK__module__evaluation__ (app\components\PregãoDashboard.tsx:7:1)
    at __TURBOPACK__module__evaluation__ (app\page.tsx:5:1)
  64 |   private load() {
  65 |     try {
> 66 |       const data = localStorage.getItem(this.STORAGE_KEY)
     |                    ^
  67 |       if (data) {
  68 |         this.ranking = new Map(Object.entries(JSON.parse(data)))
  69 |       }
@lifi/sdk: new package version is available. Please update as soon as possible to enjoy the newest features. Current version: 4.0.0. Latest version: 4.1.0.
 ⚠ Server is approaching the used memory threshold, restarting...
 ⚠ Webpack is configured while Turbopack is not, which may cause problems.
 ⚠ See instructions if you need to configure Turbopack:
  https://nextjs.org/docs/app/api-reference/next-config-js/turbopack

 ⚠ Server is approaching the used memory threshold, restarting...
 ⚠ Webpack is configured while Turbopack is not, which may cause problems.
 ⚠ See instructions if you need to configure Turbopack:
  https://nextjs.org/docs/app/api-reference/next-config-js/turbopack

Failed to load pair profitability: ReferenceError: localStorage is not defined
    at PairProfitability.load (lib\pair-profitability.ts:66:20)
    at new PairProfitability (lib\pair-profitability.ts:16:10)
    at __TURBOPACK__module__evaluation__ (lib\pair-profitability.ts:76:34)
    at __TURBOPACK__module__evaluation__ (lib\corretor.ts:2:1)
    at __TURBOPACK__module__evaluation__ (lib\escriturario.ts:3:1)
    at __TURBOPACK__module__evaluation__ (app\components\PregãoDashboard.tsx:7:1)
    at __TURBOPACK__module__evaluation__ (app\page.tsx:5:1)
  64 |   private load() {
  65 |     try {
> 66 |       const data = localStorage.getItem(this.STORAGE_KEY)
     |                    ^
  67 |       if (data) {
  68 |         this.ranking = new Map(Object.entries(JSON.parse(data)))
  69 |       }
@lifi/sdk: new package version is available. Please update as soon as possible to enjoy the newest features. Current version: 4.0.0. Latest version: 4.1.0.
